[16-Dec-2024 07:28:24 UTC] PHP Warning:  mysqli_real_connect(): (HY000/2002): No such file or directory in /var/www/html/wp-includes/class-wpdb.php on line 1982
[16-Dec-2024 07:35:08 UTC] PHP Warning:  mysqli_real_connect(): (HY000/2002): No such file or directory in /var/www/html/wp-includes/class-wpdb.php on line 1982
[16-Dec-2024 07:35:11 UTC] PHP Warning:  mysqli_real_connect(): (HY000/2002): No such file or directory in /var/www/html/wp-includes/class-wpdb.php on line 1982
[16-Dec-2024 07:35:45 UTC] PHP Warning:  mysqli_real_connect(): (HY000/2002): No such file or directory in /var/www/html/wp-includes/class-wpdb.php on line 1982
[16-Dec-2024 07:35:48 UTC] PHP Warning:  mysqli_real_connect(): (HY000/2002): No such file or directory in /var/www/html/wp-includes/class-wpdb.php on line 1982
[16-Dec-2024 08:10:14 UTC] PHP Warning:  mysqli_real_connect(): (HY000/2002): No such file or directory in /var/www/html/wp-includes/class-wpdb.php on line 1982
[16-Dec-2024 08:10:18 UTC] PHP Warning:  mysqli_real_connect(): (HY000/2002): No such file or directory in /var/www/html/wp-includes/class-wpdb.php on line 1982
[16-Dec-2024 08:43:49 UTC] PHP Warning:  mysqli_real_connect(): (HY000/2002): No such file or directory in /var/www/html/wp-includes/class-wpdb.php on line 1982
[16-Dec-2024 08:46:05 UTC] PHP Warning:  mysqli_real_connect(): (HY000/2002): No such file or directory in /var/www/html/wp-includes/class-wpdb.php on line 1982
[16-Dec-2024 08:47:23 UTC] PHP Warning:  mysqli_real_connect(): (HY000/2002): No such file or directory in /var/www/html/wp-includes/class-wpdb.php on line 1982
[16-Dec-2024 08:59:05 UTC] PHP Warning:  mysqli_real_connect(): (HY000/2002): No such file or directory in /var/www/html/wp-includes/class-wpdb.php on line 1982
[16-Dec-2024 09:11:35 UTC] PHP Warning:  mysqli_real_connect(): (HY000/2002): No such file or directory in /var/www/html/wp-includes/class-wpdb.php on line 1982
[16-Dec-2024 09:17:15 UTC] PHP Warning:  mysqli_real_connect(): (HY000/2002): No such file or directory in /var/www/html/wp-includes/class-wpdb.php on line 1982
[16-Dec-2024 09:28:44 UTC] PHP Warning:  mysqli_real_connect(): (HY000/2002): No such file or directory in /var/www/html/wp-includes/class-wpdb.php on line 1982
[16-Dec-2024 09:44:55 UTC] PHP Warning:  mysqli_real_connect(): (HY000/2002): No such file or directory in /var/www/html/wp-includes/class-wpdb.php on line 1982
[16-Dec-2024 09:44:56 UTC] PHP Warning:  mysqli_real_connect(): (HY000/2002): No such file or directory in /var/www/html/wp-includes/class-wpdb.php on line 1982
[16-Dec-2024 09:44:58 UTC] PHP Warning:  mysqli_real_connect(): (HY000/2002): No such file or directory in /var/www/html/wp-includes/class-wpdb.php on line 1982
[16-Dec-2024 09:44:59 UTC] PHP Warning:  mysqli_real_connect(): (HY000/2002): No such file or directory in /var/www/html/wp-includes/class-wpdb.php on line 1982
[16-Dec-2024 10:04:58 UTC] PHP Warning:  mysqli_real_connect(): php_network_getaddresses: getaddrinfo failed: Name or service not known in /var/www/html/wp-includes/class-wpdb.php on line 1982
[16-Dec-2024 10:04:58 UTC] PHP Warning:  mysqli_real_connect(): (HY000/2002): php_network_getaddresses: getaddrinfo failed: Name or service not known in /var/www/html/wp-includes/class-wpdb.php on line 1982
[16-Dec-2024 10:07:45 UTC] PHP Warning:  mysqli_real_connect(): php_network_getaddresses: getaddrinfo failed: Name or service not known in /var/www/html/wp-includes/class-wpdb.php on line 1982
[16-Dec-2024 10:07:45 UTC] PHP Warning:  mysqli_real_connect(): (HY000/2002): php_network_getaddresses: getaddrinfo failed: Name or service not known in /var/www/html/wp-includes/class-wpdb.php on line 1982
[16-Dec-2024 10:10:50 UTC] PHP Warning:  mysqli_real_connect(): php_network_getaddresses: getaddrinfo failed: Name or service not known in /var/www/html/wp-includes/class-wpdb.php on line 1982
[16-Dec-2024 10:10:50 UTC] PHP Warning:  mysqli_real_connect(): (HY000/2002): php_network_getaddresses: getaddrinfo failed: Name or service not known in /var/www/html/wp-includes/class-wpdb.php on line 1982
[16-Dec-2024 11:52:17 UTC] PHP Warning:  wp_update_plugins(): An unexpected error occurred. Something may be wrong with WordPress.org or this server&#8217;s configuration. If you continue to have problems, please try the <a href="https://wordpress.org/support/forums/">support forums</a>. (WordPress could not establish a secure connection to WordPress.org. Please contact your server administrator.) in /var/www/html/wp-includes/functions.php on line 6114
[16-Dec-2024 11:52:17 UTC] PHP Warning:  Cannot modify header information - headers already sent by (output started at /var/www/html/wp-includes/functions.php:6114) in /var/www/html/wp-admin/admin-header.php on line 9
